<?xml version="1.0" encoding="UTF-8"?>
<!-- Generated by org.testng.reporters.JUnitReportReporter -->
<testsuite hostname="DESKTOP-8M9HAN5" failures="0" tests="1" name="scripts.test1" time="0.078" errors="0" timestamp="2023-07-31T17:25:09 IST" skipped="0">
  <testcase classname="scripts.test1" name="tc01" time="0.078"/>
  <system-out>
    <![CDATA[hello java]]>
  </system-out>
</testsuite> <!-- scripts.test1 -->
