<?xml version="1.0" encoding="UTF-8"?>
<!-- Generated by org.testng.reporters.JUnitReportReporter -->
<testsuite hostname="DESKTOP-8M9HAN5" failures="0" tests="1" name="scripts.test2" time="0.024" errors="0" timestamp="2023-07-31T17:25:09 IST" skipped="0">
  <testcase classname="scripts.test2" name="tc02" time="0.024"/>
  <system-out>
    <![CDATA[hello selenium]]>
  </system-out>
</testsuite> <!-- scripts.test2 -->
