<?xml version="1.0" encoding="UTF-8"?>
<!-- Generated by org.testng.reporters.JUnitReportReporter -->
<testsuite hostname="DESKTOP-8M9HAN5" failures="0" tests="1" name="scripts.test4" time="0.022" errors="0" timestamp="2023-07-31T17:25:09 IST" skipped="0">
  <testcase classname="scripts.test4" name="tc04" time="0.022"/>
  <system-out>
    <![CDATA[hello manual]]>
  </system-out>
</testsuite> <!-- scripts.test4 -->
